[2021-09-05 20:05:12,461] main.py INFO Main started
[2021-09-05 20:05:42,470] main.py INFO Need new files
[2021-09-05 20:05:42,472] main.py WARNING exiting, as today is Sunday
[2021-09-05 20:53:52,449] main.py INFO Main started
[2021-09-05 20:54:22,463] main.py INFO Need new files
[2021-09-05 20:54:22,465] main.py WARNING exiting, as today is Sunday
[2021-09-06 09:01:21,150] main.py INFO Main started
[2021-09-06 09:01:51,165] main.py INFO Need new files
[2021-09-06 09:01:55,074] gets_html.py INFO opened whatsapp
[2021-09-06 09:01:58,961] gets_html.py INFO Found Contact
[2021-09-06 09:02:07,423] gets_html.py INFO Bye Bye
[2021-09-06 09:02:07,439] main.py INFO got html
[2021-09-06 09:02:07,741] get_links.py INFO Getting the html
[2021-09-06 09:02:07,819] get_links.py INFO Doing the new recipe
[2021-09-06 09:02:07,834] get_links.py INFO Storing the results
[2021-09-06 09:02:07,866] main.py INFO loaded links, hopefully...
[2021-09-06 09:02:07,866] main.py INFO loading GE-22 _ PPBU at 2021-09-06 09:00:00
[2021-09-06 09:02:07,866] main.py INFO sleeping for 1
[2021-09-06 09:02:09,284] main.py INFO start zoommtg:"//zoom.us/join?confno=89962502510&pwd=743085&uname=Sai%20Srinivas%20GE-22"
[2021-09-06 09:51:40,221] main.py INFO loading GE-22 _ ELK2 at 2021-09-06 10:00:00
[2021-09-06 09:51:40,221] main.py INFO sleeping for 409.778261
[2021-09-06 09:58:30,455] main.py INFO start zoommtg:"//zoom.us/join?confno=85057387515&pwd=311576&uname=Sai%20Srinivas%20GE-22"
[2021-09-06 10:50:01,565] main.py INFO loading GE-22 _ CSR5 at 2021-09-06 14:00:00
[2021-09-06 11:00:02,112] main.py INFO sleeping for 10707.887216
[2021-09-06 14:10:57,092] main.py INFO start zoommtg:"//zoom.us/join?confno=87149901686&pwd=493880&uname=Sai%20Srinivas%20GE-22"
[2021-09-06 14:42:58,737] main.py INFO loading GE-22 _ MLP at 2021-09-06 15:00:00
[2021-09-06 14:43:21,386] main.py INFO sleeping for 908.613627
[2021-09-06 14:58:30,883] main.py INFO start zoommtg:"//zoom.us/join?confno=88494220983&pwd=585319&uname=Sai%20Srinivas%20GE-22"
[2021-09-06 15:04:22,452] main.py INFO loading GE-22 _ SVK at 2021-09-06 18:00:00
[2021-09-06 20:23:13,499] main.py INFO Main started
[2021-09-06 20:23:43,526] main.py INFO Need new files
[2021-09-06 20:23:47,401] gets_html.py INFO opened whatsapp
[2021-09-06 20:24:00,493] main.py INFO got html
[2021-09-06 20:24:00,981] get_links.py INFO Getting the html
[2021-09-06 20:24:01,011] main.py INFO loaded links, hopefully...
[2021-09-06 20:24:01,016] main.py INFO Bye Bye
[2021-09-07 08:58:22,590] main.py INFO Main started
[2021-09-07 08:58:52,606] main.py INFO Need new files
[2021-09-07 08:58:56,360] gets_html.py INFO opened whatsapp
[2021-09-07 08:59:06,692] gets_html.py INFO Found Contact
[2021-09-07 09:00:03,660] gets_html.py INFO opened whatsapp
[2021-09-07 09:00:07,249] gets_html.py INFO Found Contact
[2021-09-07 09:00:11,072] main.py INFO got html
[2021-09-07 09:00:11,472] get_links.py INFO Getting the html
[2021-09-07 09:00:11,499] main.py INFO loaded links, hopefully...
[2021-09-07 09:00:11,499] main.py INFO Bye Bye
[2021-09-07 09:01:10,212] gets_html.py INFO opened whatsapp
[2021-09-07 09:01:13,635] gets_html.py INFO Found Contact
[2021-09-07 09:01:22,080] gets_html.py INFO Bye Bye
[2021-09-07 09:01:22,322] get_links.py INFO Getting the html
[2021-09-07 09:01:22,417] get_links.py INFO Doing the new recipe
[2021-09-07 09:01:22,417] get_links.py INFO Storing the results
[2021-09-07 19:19:36,664] gets_html.py INFO opened whatsapp
[2021-09-08 09:08:45,170] main.py INFO Main started
[2021-09-08 09:09:15,183] main.py INFO Need new files
[2021-09-08 09:09:19,252] gets_html.py INFO opened whatsapp
[2021-09-08 09:09:23,198] gets_html.py INFO Found Contact
[2021-09-08 09:10:11,486] gets_html.py INFO opened whatsapp
[2021-09-08 09:10:15,512] gets_html.py INFO Found Contact
[2021-09-08 09:10:19,369] main.py INFO got html
[2021-09-08 09:10:19,723] get_links.py INFO Getting the html
[2021-09-08 09:10:19,749] main.py INFO loaded links, hopefully...
[2021-09-08 09:10:19,752] main.py INFO Bye Bye
[2021-09-08 09:10:23,888] gets_html.py INFO Bye Bye
[2021-09-08 09:10:24,123] get_links.py INFO Getting the html
[2021-09-08 09:10:24,216] get_links.py INFO Doing the new recipe
[2021-09-08 09:10:24,232] get_links.py INFO Storing the results
[2021-09-09 07:32:57,936] main.py INFO Main started
[2021-09-09 07:33:27,950] main.py INFO Need new files
[2021-09-09 07:33:31,746] gets_html.py INFO opened whatsapp
[2021-09-09 07:33:37,664] gets_html.py INFO Found Contact
[2021-09-09 07:33:46,507] gets_html.py INFO Bye Bye
[2021-09-09 07:33:46,531] main.py INFO got html
[2021-09-09 07:33:46,828] get_links.py INFO Getting the html
[2021-09-09 07:33:46,921] get_links.py INFO Doing the new recipe
[2021-09-09 07:33:46,937] get_links.py INFO Storing the results
[2021-09-09 07:33:46,968] main.py INFO loaded links, hopefully...
[2021-09-09 07:33:46,984] main.py INFO loading GE-22 _ PPBU at 2021-09-09 09:00:00
[2021-09-09 07:33:56,884] main.py INFO sleeping for 5073.116878
[2021-09-09 08:58:30,498] main.py INFO start zoommtg:"//zoom.us/join?confno=85312921251&pwd=502317&uname=Sai%20Srinivas%20GE-22"
[2021-09-09 09:16:01,208] main.py INFO loading GE-22 _ ELK2 at 2021-09-09 10:00:00
[2021-09-09 18:57:40,191] main.py INFO Main started
[2021-09-09 18:58:10,195] main.py INFO Need new files
[2021-09-09 18:58:13,436] gets_html.py INFO opened whatsapp
[2021-09-09 18:58:18,458] main.py INFO got html
[2021-09-09 18:58:19,110] get_links.py INFO Getting the html
[2021-09-09 18:58:19,146] main.py INFO loaded links, hopefully...
[2021-09-09 18:58:19,154] main.py INFO Bye Bye
[2021-09-10 07:10:31,091] main.py INFO Main started
[2021-09-10 07:11:01,102] main.py INFO Need new files
[2021-09-10 07:11:04,989] gets_html.py INFO opened whatsapp
[2021-09-10 07:11:12,395] gets_html.py INFO Found Contact
[2021-09-10 07:11:21,259] gets_html.py INFO Bye Bye
[2021-09-10 07:11:21,291] main.py INFO got html
[2021-09-10 07:11:21,603] get_links.py INFO Getting the html
[2021-09-10 07:11:21,791] get_links.py INFO Doing the new recipe
[2021-09-10 07:11:21,806] get_links.py INFO Storing the results
[2021-09-10 07:11:21,837] main.py INFO loaded links, hopefully...
[2021-09-10 07:11:21,853] main.py INFO Bye Bye
[2021-09-11 08:09:44,835] gets_html.py INFO opened whatsapp
[2021-09-11 08:09:47,640] gets_html.py INFO Found Contact
[2021-09-11 08:10:38,057] get_links.py INFO Getting the html
[2021-09-11 08:10:44,572] gets_html.py INFO opened whatsapp
[2021-09-11 08:10:48,122] gets_html.py INFO Found Contact
[2021-09-11 08:11:48,938] get_links.py INFO Getting the html
[2021-09-11 10:11:42,711] gets_html.py INFO opened whatsapp
[2021-09-11 10:11:47,197] gets_html.py INFO Found Contact
[2021-09-11 10:11:55,094] gets_html.py INFO Bye Bye
[2021-09-11 10:11:55,349] get_links.py INFO Getting the html
[2021-09-11 10:11:55,490] get_links.py INFO Doing the new recipe
[2021-09-11 10:11:55,506] get_links.py INFO Storing the results
[2021-10-10 15:38:18,805] gets_html.py INFO opened whatsapp
[2021-10-10 15:38:21,837] gets_html.py INFO Found Contact
[2021-10-10 15:38:30,145] gets_html.py INFO Bye Bye
[2021-10-10 15:38:30,520] get_links.py INFO Getting the html
[2021-10-10 15:38:30,724] get_links.py INFO Doing the new recipe
[2021-10-10 15:38:30,724] get_links.py INFO Storing the results
[2021-10-10 20:12:24,108] main.py INFO Main started
[2021-10-10 20:12:54,123] main.py INFO Need new files
[2021-10-10 20:12:54,123] main.py WARNING exiting, as today is Sunday
[2021-10-11 08:35:25,062] gets_html.py INFO opened whatsapp
[2021-10-11 08:35:27,785] main.py INFO Main started
[2021-10-11 08:35:46,780] gets_html.py INFO opened whatsapp
[2021-10-11 08:35:57,789] main.py INFO Need new files
[2021-10-11 08:36:01,024] gets_html.py INFO Chrome
[2021-10-11 08:36:01,059] main.py INFO got html
[2021-10-11 08:36:01,410] get_links.py INFO Getting the html
[2021-10-11 08:36:01,432] main.py INFO loaded links, hopefully...
[2021-10-11 08:36:01,432] main.py INFO Bye Bye
[2021-10-11 08:36:04,395] get_links.py INFO Getting the html
[2021-10-11 08:36:09,423] gets_html.py INFO opened whatsapp
[2021-10-11 08:38:36,795] get_links.py INFO Getting the html
[2021-10-11 08:38:45,257] gets_html.py INFO opened whatsapp
[2021-10-11 08:42:16,102] gets_html.py INFO opened whatsapp
[2021-10-11 08:46:22,400] gets_html.py INFO opened whatsapp
[2021-10-11 08:47:42,477] gets_html.py INFO opened whatsapp
[2021-10-11 08:52:58,948] gets_html.py INFO opened whatsapp
[2021-10-11 08:53:11,608] gets_html.py INFO Bye Bye
[2021-10-11 08:59:34,657] main.py INFO Main started
[2021-10-11 09:00:04,674] main.py INFO Need new files
[2021-10-11 09:00:08,466] gets_html.py INFO opened whatsapp
[2021-10-11 09:00:19,487] gets_html.py INFO Bye Bye
[2021-10-11 09:00:19,530] main.py INFO got html
[2021-10-11 09:00:20,004] get_links.py INFO Getting the html
[2021-10-11 09:00:20,257] get_links.py INFO Doing the new recipe
[2021-10-11 09:00:20,277] get_links.py INFO Storing the results
[2021-10-11 09:00:20,325] main.py INFO loaded links, hopefully...
[2021-10-11 09:00:20,334] main.py INFO loading GE-22 _ CVK1 at 2021-10-11 10:00:00
[2021-10-11 09:00:20,335] main.py INFO sleeping for 3489.66571
[2021-10-11 09:58:30,493] main.py INFO start zoommtg:"//zoom.us/join?confno=81639736714&pwd=844530&uname=Sai%20Srinivas%20GE-22"
[2021-10-11 10:02:45,262] main.py INFO loading GE-22 _ CSR5 at 2021-10-11 12:00:00
[2021-10-11 10:02:45,262] main.py INFO sleeping for 6944.737202
[2021-10-11 11:58:30,862] main.py INFO start zoommtg:"//zoom.us/join?confno=88353436247&pwd=340017&uname=Sai%20Srinivas%20GE-22"
[2021-10-11 12:00:48,145] main.py INFO loading GE-22 _ MLP at 2021-10-11 16:00:00
[2021-10-11 12:00:48,145] main.py INFO sleeping for 14261.854442
[2021-10-11 14:57:18,123] main.py INFO Main started
[2021-10-11 14:57:48,249] main.py INFO loading GE-22 _ MLP at 2021-10-11 16:00:00
[2021-10-11 14:57:48,249] main.py INFO sleeping for 3641.750365
[2021-10-11 15:58:30,885] main.py INFO start zoommtg:"//zoom.us/join?confno=88366434564&pwd=977944&uname=Sai%20Srinivas%20GE-22"
[2021-10-11 15:58:30,886] main.py INFO Bye Bye
[2021-10-11 17:17:38,209] main.py INFO Main started
[2021-10-11 17:18:08,223] main.py INFO Need new files
[2021-10-11 17:18:11,559] gets_html.py INFO opened whatsapp
[2021-10-11 17:18:46,116] main.py INFO got html
[2021-10-11 17:18:46,448] get_links.py INFO Getting the html
[2021-10-11 17:18:46,471] main.py INFO loaded links, hopefully...
[2021-10-11 17:18:46,473] main.py INFO Bye Bye
[2021-10-12 08:02:27,091] main.py INFO Main started
[2021-10-12 08:02:57,103] main.py INFO Need new files
[2021-10-12 08:03:00,415] gets_html.py INFO opened whatsapp
[2021-10-12 08:03:16,404] gets_html.py INFO Bye Bye
[2021-10-12 08:03:16,419] main.py INFO got html
[2021-10-12 08:03:16,685] get_links.py INFO Getting the html
[2021-10-12 08:03:16,778] get_links.py INFO Doing the new recipe
[2021-10-12 08:03:16,794] get_links.py INFO Storing the results
[2021-10-12 08:03:16,825] main.py INFO loaded links, hopefully...
[2021-10-12 08:03:16,825] main.py INFO loading PPBU at 2021-10-12 08:00:00
[2021-10-12 08:03:16,825] main.py INFO sleeping for 1
[2021-10-12 08:03:18,222] main.py INFO start zoommtg:"//zoom.us/join?confno=84294266542&pwd=60035&uname=Sai%20Srinivas%20GE-22"
[2021-10-12 08:03:18,222] main.py INFO Bye Bye
[2021-10-12 10:34:18,580] main.py INFO Main started
[2021-10-12 10:34:48,603] main.py INFO Need new files
[2021-10-12 10:34:52,872] gets_html.py INFO opened whatsapp
[2021-10-12 10:35:06,539] gets_html.py INFO Bye Bye
[2021-10-12 10:35:06,576] main.py INFO got html
[2021-10-12 10:35:06,944] get_links.py INFO Getting the html
[2021-10-12 10:35:07,065] get_links.py INFO Doing the new recipe
[2021-10-12 10:35:07,082] get_links.py INFO Storing the results
[2021-10-12 10:35:07,120] main.py INFO loaded links, hopefully...
[2021-10-12 10:35:07,130] main.py INFO loading CSR5 at 2021-10-12 11:00:00
[2021-10-12 10:35:07,131] main.py INFO sleeping for 1402.869489
[2021-10-12 10:58:30,505] main.py INFO start zoommtg:"//zoom.us/join?confno=81003778697&pwd=45600&uname=Sai%20Srinivas%20GE-22"
[2021-10-12 10:58:30,513] main.py INFO loading CVK1 at 2021-10-12 14:00:00
[2021-10-12 10:58:30,513] main.py INFO sleeping for 10799.486617
[2021-10-12 13:45:11,918] main.py INFO Main started
[2021-10-12 13:45:41,921] main.py INFO loading CVK1 at 2021-10-12 14:00:00
[2021-10-12 13:45:41,921] main.py INFO sleeping for 768.078535
[2021-10-12 13:58:30,513] main.py INFO start zoommtg:"//zoom.us/join?confno=89149414060&pwd=34000&uname=Sai%20Srinivas%20GE-22"
[2021-10-12 13:58:30,514] main.py INFO loading CVK1 at 2021-10-12 15:00:00
[2021-10-12 13:58:30,514] main.py INFO sleeping for 3599.485652
[2021-10-12 15:36:39,387] main.py INFO start zoommtg:"//zoom.us/join?confno=88622004595&pwd=39000&uname=Sai%20Srinivas%20GE-22"
[2021-10-12 15:36:39,402] main.py INFO Bye Bye
[2021-10-12 17:40:45,308] gets_html.py INFO opened whatsapp
[2021-10-12 17:41:19,893] gets_html.py INFO opened whatsapp
[2021-10-12 17:42:23,833] get_links.py INFO Getting the html
[2021-10-12 17:42:59,874] gets_html.py INFO opened whatsapp
[2021-10-12 17:43:11,842] gets_html.py INFO Bye Bye
[2021-10-12 17:52:16,193] gets_html.py INFO opened whatsapp
[2021-10-12 17:52:46,033] gets_html.py INFO Bye Bye
[2021-10-12 17:52:54,653] gets_html.py INFO opened whatsapp
[2021-10-12 17:53:10,409] gets_html.py INFO Bye Bye
[2021-10-13 08:01:23,797] main.py INFO Main started
[2021-10-13 08:01:53,827] main.py INFO Need new files
[2021-10-13 08:02:08,753] main.py INFO got html
[2021-10-13 08:02:09,197] get_links.py INFO Getting the html
[2021-10-13 08:02:09,322] get_links.py INFO Doing the new recipe
[2021-10-13 08:02:09,334] get_links.py INFO Storing the results
[2021-10-13 08:02:09,368] main.py INFO loaded links, hopefully...
[2021-10-13 08:02:09,378] main.py INFO Bye Bye
[2021-10-13 08:03:04,401] get_links.py INFO Getting the html
[2021-10-13 08:03:04,513] get_links.py INFO Doing the new recipe
[2021-10-13 08:03:04,523] get_links.py INFO Storing the results
[2021-10-13 10:51:08,306] main.py INFO Main started
[2021-10-13 10:51:38,319] main.py INFO loading CSR5 at 2021-10-13 11:00:00
[2021-10-13 10:51:38,319] main.py INFO sleeping for 411.68074
[2021-10-13 10:58:30,441] main.py INFO start zoommtg:"//zoom.us/join?confno=82274645779&pwd=96906&uname=Sai%20Srinivas%20GE-22"
[2021-10-13 10:58:30,441] main.py INFO loading MLP at 2021-10-13 12:00:00
[2021-10-13 10:58:30,441] main.py INFO sleeping for 3599.558973
[2021-10-13 12:01:01,407] main.py INFO start zoommtg:"//zoom.us/join?confno=82479170881&pwd=20333&uname=Sai%20Srinivas%20GE-22"
[2021-10-13 12:01:01,407] main.py INFO loading MLP at 2021-10-13 15:00:00
[2021-10-13 12:01:01,407] main.py INFO sleeping for 10648.592143
[2021-10-13 15:00:17,528] main.py INFO Main started
[2021-10-13 15:00:47,532] main.py INFO loading MLP at 2021-10-13 15:00:00
[2021-10-13 15:00:47,532] main.py INFO sleeping for 1
[2021-10-13 15:00:48,997] main.py INFO start zoommtg:"//zoom.us/join?confno=85359324845&pwd=20777&uname=Sai%20Srinivas%20GE-22"
[2022-01-11 13:55:01,383] get_links.py INFO Getting the html
[2022-01-11 13:55:01,587] get_links.py INFO Doing the new recipe
[2022-01-11 13:55:01,602] get_links.py INFO Storing the results
[2022-01-11 15:56:24,127] main.py INFO Main started
[2022-01-11 15:56:54,130] main.py INFO loading FORMULA_22_PPBU at 2022-01-11 16:00:00
[2022-01-11 15:56:54,130] main.py INFO sleeping for 95.86968300000001
[2022-01-11 15:58:30,460] main.py INFO start zoommtg:"//zoom.us/join?confno=83770390395&pwd=634001&uname=Sai%20Srinivas%20F22"
[2022-01-11 15:58:30,460] main.py INFO Bye Bye
[2022-01-11 17:27:16,482] main.py INFO Main started
[2022-01-11 17:27:46,515] main.py INFO Need new files
[2022-01-11 17:28:12,475] main.py INFO got html
[2022-01-11 17:28:12,749] get_links.py INFO Getting the html
[2022-01-11 17:28:12,780] main.py INFO loaded links, hopefully...
[2022-01-11 17:28:12,780] main.py INFO Bye Bye
[2022-01-11 18:50:14,988] main.py INFO Main started
[2022-01-11 18:50:44,993] main.py INFO Need new files
[2022-01-11 18:51:20,111] main.py INFO got html
[2022-01-11 18:51:20,392] get_links.py INFO Getting the html
[2022-01-11 18:51:20,517] get_links.py INFO Doing the new recipe
[2022-01-11 18:51:20,517] get_links.py INFO Storing the results
[2022-01-11 18:51:20,548] main.py INFO loaded links, hopefully...
[2022-01-11 18:51:20,564] main.py INFO Bye Bye
[2022-01-11 20:23:45,949] main.py INFO Main started
[2022-01-11 20:24:15,978] main.py INFO Need new files
[2022-01-11 20:24:20,367] main.py INFO got html
[2022-01-11 20:24:20,958] get_links.py INFO Getting the html
[2022-01-11 20:24:21,004] main.py INFO loaded links, hopefully...
[2022-01-11 20:24:21,010] main.py INFO Bye Bye
[2022-01-11 22:26:56,442] main.py INFO Main started
[2022-01-11 22:27:26,447] main.py INFO Need new files
[2022-01-11 22:28:06,478] main.py INFO got html
[2022-01-11 22:28:06,774] get_links.py INFO Getting the html
[2022-01-11 22:28:06,806] main.py INFO loaded links, hopefully...
[2022-01-11 22:28:06,806] main.py INFO Bye Bye
[2022-01-12 08:06:23,387] main.py INFO Main started
[2022-01-12 08:06:53,401] main.py INFO Need new files
[2022-01-12 08:07:15,543] main.py INFO got html
[2022-01-12 08:07:15,824] get_links.py INFO Getting the html
[2022-01-12 08:07:15,965] get_links.py INFO Doing the new recipe
[2022-01-12 08:07:15,980] get_links.py INFO Storing the results
[2022-01-12 08:07:16,012] main.py INFO loaded links, hopefully...
[2022-01-12 08:07:16,012] main.py INFO loading FORMULA_22_MLP at 2022-01-12 14:00:00
[2022-01-12 08:07:16,012] main.py INFO sleeping for 21073.98794
[2022-01-12 09:45:44,310] main.py INFO Main started
[2022-01-12 09:46:14,315] main.py INFO loading FORMULA_22_MLP at 2022-01-12 14:00:00
[2022-01-12 09:46:14,316] main.py INFO sleeping for 15135.683454
[2022-01-12 12:55:15,154] get_links.py INFO Getting the html
[2022-01-12 12:55:15,310] get_links.py INFO Doing the new recipe
[2022-01-12 13:01:44,826] get_links.py INFO Getting the html
[2022-01-12 13:01:44,921] get_links.py INFO Doing the new recipe
[2022-01-12 13:08:28,872] get_links.py INFO Getting the html
[2022-01-12 13:08:28,936] get_links.py INFO Doing the new recipe
[2022-01-12 13:10:11,481] get_links.py INFO Getting the html
[2022-01-12 13:10:11,547] get_links.py INFO Doing the new recipe
[2022-01-12 13:10:11,560] get_links.py INFO Storing the results
[2022-01-12 13:13:24,637] get_links.py INFO Getting the html
[2022-01-12 13:13:24,773] get_links.py INFO Doing the new recipe
[2022-01-12 13:13:24,783] get_links.py INFO Storing the results
[2022-01-12 13:58:29,458] main.py INFO start zoommtg:"//zoom.us/join?confno=88180058868&pwd=632537&uname=Sai%20Srinivas%20F22"
[2022-01-12 13:58:29,459] main.py INFO loading FORMULA_22E_CVK1 at 2022-01-12 14:00:00
[2022-01-12 13:58:29,459] main.py INFO sleeping for 1
[2022-01-12 13:58:30,828] main.py INFO start zoommtg:"//zoom.us/join?confno=86060928040&pwd=634004&uname=Sai%20Srinivas%20F22"
[2022-01-12 13:58:30,828] main.py INFO loading FORMULA_22_CVK1 at 2022-01-12 16:00:00
[2022-01-12 13:58:30,828] main.py INFO sleeping for 7199.17109
[2022-01-12 15:08:44,860] get_links.py INFO Getting the html
[2022-01-12 15:08:44,985] get_links.py INFO Doing the new recipe
[2022-01-12 15:08:44,985] get_links.py INFO Storing the results
[2022-01-12 15:58:30,525] main.py INFO start zoommtg:"//zoom.us/join?confno=82199407304&pwd=634003&uname=Sai%20Srinivas%20F22"
[2022-01-12 15:58:30,527] main.py INFO loading FORMULA_22E_MLP at 2022-01-12 16:00:00
[2022-01-12 15:58:30,527] main.py INFO sleeping for 1
[2022-01-12 15:58:31,929] main.py INFO start zoommtg:"//zoom.us/join?confno=88163831684&pwd=634005&uname=Sai%20Srinivas%20F22"
[2022-01-12 15:58:31,929] main.py INFO loading FORMULA_22_PPBU at 2022-01-12 18:00:00
[2022-01-12 15:58:31,929] main.py INFO sleeping for 7198.070637
[2022-01-12 21:17:27,232] main.py INFO Main started
[2022-01-12 21:17:57,256] main.py INFO Need new files
[2022-01-12 21:18:15,247] main.py INFO got html
[2022-01-12 21:18:15,574] get_links.py INFO Getting the html
[2022-01-12 21:18:15,601] main.py INFO loaded links, hopefully...
[2022-01-12 21:18:15,603] main.py INFO Bye Bye
[2022-01-13 11:36:27,922] main.py INFO Main started
[2022-01-13 11:36:57,946] main.py INFO Need new files
[2022-01-13 11:37:17,138] main.py INFO got html
[2022-01-13 11:37:17,564] get_links.py INFO Getting the html
[2022-01-13 11:37:17,593] main.py INFO loaded links, hopefully...
[2022-01-13 11:37:17,596] main.py INFO Bye Bye
[2022-01-13 14:40:40,608] main.py INFO Main started
[2022-01-13 14:41:10,629] main.py INFO Need new files
[2022-01-13 14:41:28,864] main.py INFO got html
[2022-01-13 14:41:29,206] get_links.py INFO Getting the html
[2022-01-13 14:41:29,231] main.py INFO loaded links, hopefully...
[2022-01-13 14:41:29,234] main.py INFO Bye Bye
